<?xml version="1.0" encoding="UTF-8"?>
<!-- Generated by org.testng.reporters.JUnitXMLReporter -->
<testsuite ignored="0" hostname="Rohit" failures="0" tests="4" name="Test" time="0.118" errors="0" timestamp="2024-08-16T15:48:48 IST">
  <testcase classname="pac1.ContactTest" name="createContactTest" time="0.012"/>
  <testcase classname="pac1.ContactTest" name="modifyContactTest" time="0.003"/>
  <testcase classname="pac2.OrgTest" name="createOrgTest" time="0.001"/>
  <testcase classname="pac2.OrgTest" name="modifyOrgTest" time="0.001"/>
</testsuite> <!-- Test -->
